<?xml version="1.0" encoding="UTF-8"?>
<testng-results ignored="0" total="1" passed="1" failed="0" skipped="0">
  <reporter-output>
  </reporter-output>
  <suite started-at="2024-06-17T18:12:14 IST" name="Default suite" finished-at="2024-06-17T18:13:10 IST" duration-ms="55992">
    <groups>
    </groups>
    <test started-at="2024-06-17T18:12:14 IST" name="Default test" finished-at="2024-06-17T18:13:10 IST" duration-ms="55992">
      <class name="project.Luma">
        <test-method signature="f1()[pri:0, instance:project.Luma@51c668e3]" started-at="2024-06-17T18:12:14 IST" name="f1" finished-at="2024-06-17T18:13:10 IST" duration-ms="55876" status="PASS">
          <reporter-output>
          </reporter-output>
        </test-method> <!-- f1 -->
      </class> <!-- project.Luma -->
    </test> <!-- Default test -->
  </suite> <!-- Default suite -->
</testng-results>
