<?xml version="1.0" encoding="UTF-8"?>
<testng-results ignored="0" total="1" passed="1" failed="0" skipped="0">
  <reporter-output>
  </reporter-output>
  <suite started-at="2024-05-28T19:20:38 IST" name="Default suite" finished-at="2024-05-28T19:21:18 IST" duration-ms="40499">
    <groups>
    </groups>
    <test started-at="2024-05-28T19:20:38 IST" name="Default test" finished-at="2024-05-28T19:21:18 IST" duration-ms="40499">
      <class name="Module3.DataprovidersDemo">
        <test-method is-config="true" signature="before()[pri:0, instance:Module3.DataprovidersDemo@7d4f9aae]" started-at="2024-05-28T19:20:38 IST" name="before" finished-at="2024-05-28T19:21:11 IST" duration-ms="33198" status="PASS">
          <reporter-output>
          </reporter-output>
        </test-method> <!-- before -->
        <test-method signature="f(java.lang.String,java.lang.String)[pri:0, instance:Module3.DataprovidersDemo@7d4f9aae]" started-at="2024-05-28T19:21:11 IST" name="f" data-provider="dataprovider" finished-at="2024-05-28T19:21:18 IST" duration-ms="6515" status="PASS">
          <params>
            <param index="0">
              <value>
                <![CDATA[donhere@gmail.com]]>
              </value>
            </param>
            <param index="1">
              <value>
                <![CDATA[don@123]]>
              </value>
            </param>
          </params>
          <reporter-output>
          </reporter-output>
        </test-method> <!-- f -->
        <test-method is-config="true" signature="afterClass()[pri:0, instance:Module3.DataprovidersDemo@7d4f9aae]" started-at="2024-05-28T19:21:18 IST" name="afterClass" finished-at="2024-05-28T19:21:18 IST" duration-ms="674" status="PASS">
          <reporter-output>
          </reporter-output>
        </test-method> <!-- afterClass -->
      </class> <!-- Module3.DataprovidersDemo -->
    </test> <!-- Default test -->
  </suite> <!-- Default suite -->
</testng-results>
